<?xml version="1.0" encoding="UTF-8"?>
<!-- Generated by org.testng.reporters.JUnitReportReporter -->
<testsuite hostname="LAPTOP-S7KK6RGF" failures="0" tests="1" name="com.testrunners.TestRunner" time="15.608" errors="0" timestamp="11 Dec 2020 16:47:12 GMT" skipped="0">
  <testcase classname="com.testrunners.TestRunner" name="runScenario" time="15.608"/>
</testsuite> <!-- com.testrunners.TestRunner -->
